Created by PLY version 3.10 (http://www.dabeaz.com/ply)

Grammar

Rule 0     S' -> program
Rule 1     program -> inst instlist
Rule 2     instlist -> inst instlist
Rule 3     instlist -> <empty>
Rule 4     inst -> NOP
Rule 5     inst -> EI
Rule 6     inst -> DI
Rule 7     inst -> SWI NUMBER
Rule 8     inst -> USR
Rule 9     inst -> LD REGISTER REGISTER NUMBER
Rule 10    inst -> ST REGISTER REGISTER NUMBER
Rule 11    inst -> MOV REGISTER REGISTER
Rule 12    inst -> LIL REGISTER NUMBER
Rule 13    inst -> LIH REGISTER NUMBER
Rule 14    inst -> ADD REGISTER REGISTER
Rule 15    inst -> ADC REGISTER REGISTER
Rule 16    inst -> SUB REGISTER REGISTER
Rule 17    inst -> SBC REGISTER REGISTER
Rule 18    inst -> AND REGISTER REGISTER
Rule 19    inst -> OR REGISTER REGISTER
Rule 20    inst -> XOR REGISTER REGISTER
Rule 21    inst -> NOT REGISTER REGISTER
Rule 22    inst -> SL REGISTER REGISTER
Rule 23    inst -> SRL REGISTER REGISTER
Rule 24    inst -> SRA REGISTER REGISTER
Rule 25    inst -> RRA REGISTER REGISTER
Rule 26    inst -> RR REGISTER REGISTER
Rule 27    inst -> RL REGISTER REGISTER
Rule 28    inst -> JMP REGISTER NUMBER
Rule 29    inst -> JAL REGISTER NUMBER
Rule 30    inst -> BR NUMBER
Rule 31    inst -> BC NUMBER
Rule 32    inst -> BO NUMBER
Rule 33    inst -> BN NUMBER
Rule 34    inst -> BZ NUMBER

Terminals, with rules where they appear

ADC                  : 15
ADD                  : 14
AND                  : 18
BC                   : 31
BN                   : 33
BO                   : 32
BR                   : 30
BZ                   : 34
DI                   : 6
EI                   : 5
JAL                  : 29
JMP                  : 28
LD                   : 9
LIH                  : 13
LIL                  : 12
MOV                  : 11
NOP                  : 4
NOT                  : 21
NUMBER               : 7 9 10 12 13 28 29 30 31 32 33 34
OR                   : 19
REGISTER             : 9 9 10 10 11 11 12 13 14 14 15 15 16 16 17 17 18 18 19 19 20 20 21 21 22 22 23 23 24 24 25 25 26 26 27 27 28 29
RL                   : 27
RR                   : 26
RRA                  : 25
SBC                  : 17
SL                   : 22
SRA                  : 24
SRL                  : 23
ST                   : 10
SUB                  : 16
SWI                  : 7
USR                  : 8
XOR                  : 20
error                : 

Nonterminals, with rules where they appear

inst                 : 1 2
instlist             : 1 2
program              : 0

Parsing method: LALR

state 0

    (0) S' -> . program
    (1) program -> . inst instlist
    (4) inst -> . NOP
    (5) inst -> . EI
    (6) inst -> . DI
    (7) inst -> . SWI NUMBER
    (8) inst -> . USR
    (9) inst -> . LD REGISTER REGISTER NUMBER
    (10) inst -> . ST REGISTER REGISTER NUMBER
    (11) inst -> . MOV REGISTER REGISTER
    (12) inst -> . LIL REGISTER NUMBER
    (13) inst -> . LIH REGISTER NUMBER
    (14) inst -> . ADD REGISTER REGISTER
    (15) inst -> . ADC REGISTER REGISTER
    (16) inst -> . SUB REGISTER REGISTER
    (17) inst -> . SBC REGISTER REGISTER
    (18) inst -> . AND REGISTER REGISTER
    (19) inst -> . OR REGISTER REGISTER
    (20) inst -> . XOR REGISTER REGISTER
    (21) inst -> . NOT REGISTER REGISTER
    (22) inst -> . SL REGISTER REGISTER
    (23) inst -> . SRL REGISTER REGISTER
    (24) inst -> . SRA REGISTER REGISTER
    (25) inst -> . RRA REGISTER REGISTER
    (26) inst -> . RR REGISTER REGISTER
    (27) inst -> . RL REGISTER REGISTER
    (28) inst -> . JMP REGISTER NUMBER
    (29) inst -> . JAL REGISTER NUMBER
    (30) inst -> . BR NUMBER
    (31) inst -> . BC NUMBER
    (32) inst -> . BO NUMBER
    (33) inst -> . BN NUMBER
    (34) inst -> . BZ NUMBER

    NOP             shift and go to state 17
    EI              shift and go to state 8
    DI              shift and go to state 4
    SWI             shift and go to state 11
    USR             shift and go to state 25
    LD              shift and go to state 22
    ST              shift and go to state 9
    MOV             shift and go to state 1
    LIL             shift and go to state 20
    LIH             shift and go to state 13
    ADD             shift and go to state 28
    ADC             shift and go to state 5
    SUB             shift and go to state 10
    SBC             shift and go to state 18
    AND             shift and go to state 7
    OR              shift and go to state 31
    XOR             shift and go to state 21
    NOT             shift and go to state 27
    SL              shift and go to state 15
    SRL             shift and go to state 30
    SRA             shift and go to state 12
    RRA             shift and go to state 19
    RR              shift and go to state 26
    RL              shift and go to state 14
    JMP             shift and go to state 29
    JAL             shift and go to state 3
    BR              shift and go to state 2
    BC              shift and go to state 33
    BO              shift and go to state 6
    BN              shift and go to state 23
    BZ              shift and go to state 16

    program                        shift and go to state 24
    inst                           shift and go to state 32

state 1

    (11) inst -> MOV . REGISTER REGISTER

    REGISTER        shift and go to state 34


state 2

    (30) inst -> BR . NUMBER

    NUMBER          shift and go to state 35


state 3

    (29) inst -> JAL . REGISTER NUMBER

    REGISTER        shift and go to state 36


state 4

    (6) inst -> DI .

    NOP             reduce using rule 6 (inst -> DI .)
    EI              reduce using rule 6 (inst -> DI .)
    DI              reduce using rule 6 (inst -> DI .)
    SWI             reduce using rule 6 (inst -> DI .)
    USR             reduce using rule 6 (inst -> DI .)
    LD              reduce using rule 6 (inst -> DI .)
    ST              reduce using rule 6 (inst -> DI .)
    MOV             reduce using rule 6 (inst -> DI .)
    LIL             reduce using rule 6 (inst -> DI .)
    LIH             reduce using rule 6 (inst -> DI .)
    ADD             reduce using rule 6 (inst -> DI .)
    ADC             reduce using rule 6 (inst -> DI .)
    SUB             reduce using rule 6 (inst -> DI .)
    SBC             reduce using rule 6 (inst -> DI .)
    AND             reduce using rule 6 (inst -> DI .)
    OR              reduce using rule 6 (inst -> DI .)
    XOR             reduce using rule 6 (inst -> DI .)
    NOT             reduce using rule 6 (inst -> DI .)
    SL              reduce using rule 6 (inst -> DI .)
    SRL             reduce using rule 6 (inst -> DI .)
    SRA             reduce using rule 6 (inst -> DI .)
    RRA             reduce using rule 6 (inst -> DI .)
    RR              reduce using rule 6 (inst -> DI .)
    RL              reduce using rule 6 (inst -> DI .)
    JMP             reduce using rule 6 (inst -> DI .)
    JAL             reduce using rule 6 (inst -> DI .)
    BR              reduce using rule 6 (inst -> DI .)
    BC              reduce using rule 6 (inst -> DI .)
    BO              reduce using rule 6 (inst -> DI .)
    BN              reduce using rule 6 (inst -> DI .)
    BZ              reduce using rule 6 (inst -> DI .)
    $end            reduce using rule 6 (inst -> DI .)


state 5

    (15) inst -> ADC . REGISTER REGISTER

    REGISTER        shift and go to state 37


state 6

    (32) inst -> BO . NUMBER

    NUMBER          shift and go to state 38


state 7

    (18) inst -> AND . REGISTER REGISTER

    REGISTER        shift and go to state 39


state 8

    (5) inst -> EI .

    NOP             reduce using rule 5 (inst -> EI .)
    EI              reduce using rule 5 (inst -> EI .)
    DI              reduce using rule 5 (inst -> EI .)
    SWI             reduce using rule 5 (inst -> EI .)
    USR             reduce using rule 5 (inst -> EI .)
    LD              reduce using rule 5 (inst -> EI .)
    ST              reduce using rule 5 (inst -> EI .)
    MOV             reduce using rule 5 (inst -> EI .)
    LIL             reduce using rule 5 (inst -> EI .)
    LIH             reduce using rule 5 (inst -> EI .)
    ADD             reduce using rule 5 (inst -> EI .)
    ADC             reduce using rule 5 (inst -> EI .)
    SUB             reduce using rule 5 (inst -> EI .)
    SBC             reduce using rule 5 (inst -> EI .)
    AND             reduce using rule 5 (inst -> EI .)
    OR              reduce using rule 5 (inst -> EI .)
    XOR             reduce using rule 5 (inst -> EI .)
    NOT             reduce using rule 5 (inst -> EI .)
    SL              reduce using rule 5 (inst -> EI .)
    SRL             reduce using rule 5 (inst -> EI .)
    SRA             reduce using rule 5 (inst -> EI .)
    RRA             reduce using rule 5 (inst -> EI .)
    RR              reduce using rule 5 (inst -> EI .)
    RL              reduce using rule 5 (inst -> EI .)
    JMP             reduce using rule 5 (inst -> EI .)
    JAL             reduce using rule 5 (inst -> EI .)
    BR              reduce using rule 5 (inst -> EI .)
    BC              reduce using rule 5 (inst -> EI .)
    BO              reduce using rule 5 (inst -> EI .)
    BN              reduce using rule 5 (inst -> EI .)
    BZ              reduce using rule 5 (inst -> EI .)
    $end            reduce using rule 5 (inst -> EI .)


state 9

    (10) inst -> ST . REGISTER REGISTER NUMBER

    REGISTER        shift and go to state 40


state 10

    (16) inst -> SUB . REGISTER REGISTER

    REGISTER        shift and go to state 41


state 11

    (7) inst -> SWI . NUMBER

    NUMBER          shift and go to state 42


state 12

    (24) inst -> SRA . REGISTER REGISTER

    REGISTER        shift and go to state 43


state 13

    (13) inst -> LIH . REGISTER NUMBER

    REGISTER        shift and go to state 44


state 14

    (27) inst -> RL . REGISTER REGISTER

    REGISTER        shift and go to state 45


state 15

    (22) inst -> SL . REGISTER REGISTER

    REGISTER        shift and go to state 46


state 16

    (34) inst -> BZ . NUMBER

    NUMBER          shift and go to state 47


state 17

    (4) inst -> NOP .

    NOP             reduce using rule 4 (inst -> NOP .)
    EI              reduce using rule 4 (inst -> NOP .)
    DI              reduce using rule 4 (inst -> NOP .)
    SWI             reduce using rule 4 (inst -> NOP .)
    USR             reduce using rule 4 (inst -> NOP .)
    LD              reduce using rule 4 (inst -> NOP .)
    ST              reduce using rule 4 (inst -> NOP .)
    MOV             reduce using rule 4 (inst -> NOP .)
    LIL             reduce using rule 4 (inst -> NOP .)
    LIH             reduce using rule 4 (inst -> NOP .)
    ADD             reduce using rule 4 (inst -> NOP .)
    ADC             reduce using rule 4 (inst -> NOP .)
    SUB             reduce using rule 4 (inst -> NOP .)
    SBC             reduce using rule 4 (inst -> NOP .)
    AND             reduce using rule 4 (inst -> NOP .)
    OR              reduce using rule 4 (inst -> NOP .)
    XOR             reduce using rule 4 (inst -> NOP .)
    NOT             reduce using rule 4 (inst -> NOP .)
    SL              reduce using rule 4 (inst -> NOP .)
    SRL             reduce using rule 4 (inst -> NOP .)
    SRA             reduce using rule 4 (inst -> NOP .)
    RRA             reduce using rule 4 (inst -> NOP .)
    RR              reduce using rule 4 (inst -> NOP .)
    RL              reduce using rule 4 (inst -> NOP .)
    JMP             reduce using rule 4 (inst -> NOP .)
    JAL             reduce using rule 4 (inst -> NOP .)
    BR              reduce using rule 4 (inst -> NOP .)
    BC              reduce using rule 4 (inst -> NOP .)
    BO              reduce using rule 4 (inst -> NOP .)
    BN              reduce using rule 4 (inst -> NOP .)
    BZ              reduce using rule 4 (inst -> NOP .)
    $end            reduce using rule 4 (inst -> NOP .)


state 18

    (17) inst -> SBC . REGISTER REGISTER

    REGISTER        shift and go to state 48


state 19

    (25) inst -> RRA . REGISTER REGISTER

    REGISTER        shift and go to state 49


state 20

    (12) inst -> LIL . REGISTER NUMBER

    REGISTER        shift and go to state 50


state 21

    (20) inst -> XOR . REGISTER REGISTER

    REGISTER        shift and go to state 51


state 22

    (9) inst -> LD . REGISTER REGISTER NUMBER

    REGISTER        shift and go to state 52


state 23

    (33) inst -> BN . NUMBER

    NUMBER          shift and go to state 53


state 24

    (0) S' -> program .



state 25

    (8) inst -> USR .

    NOP             reduce using rule 8 (inst -> USR .)
    EI              reduce using rule 8 (inst -> USR .)
    DI              reduce using rule 8 (inst -> USR .)
    SWI             reduce using rule 8 (inst -> USR .)
    USR             reduce using rule 8 (inst -> USR .)
    LD              reduce using rule 8 (inst -> USR .)
    ST              reduce using rule 8 (inst -> USR .)
    MOV             reduce using rule 8 (inst -> USR .)
    LIL             reduce using rule 8 (inst -> USR .)
    LIH             reduce using rule 8 (inst -> USR .)
    ADD             reduce using rule 8 (inst -> USR .)
    ADC             reduce using rule 8 (inst -> USR .)
    SUB             reduce using rule 8 (inst -> USR .)
    SBC             reduce using rule 8 (inst -> USR .)
    AND             reduce using rule 8 (inst -> USR .)
    OR              reduce using rule 8 (inst -> USR .)
    XOR             reduce using rule 8 (inst -> USR .)
    NOT             reduce using rule 8 (inst -> USR .)
    SL              reduce using rule 8 (inst -> USR .)
    SRL             reduce using rule 8 (inst -> USR .)
    SRA             reduce using rule 8 (inst -> USR .)
    RRA             reduce using rule 8 (inst -> USR .)
    RR              reduce using rule 8 (inst -> USR .)
    RL              reduce using rule 8 (inst -> USR .)
    JMP             reduce using rule 8 (inst -> USR .)
    JAL             reduce using rule 8 (inst -> USR .)
    BR              reduce using rule 8 (inst -> USR .)
    BC              reduce using rule 8 (inst -> USR .)
    BO              reduce using rule 8 (inst -> USR .)
    BN              reduce using rule 8 (inst -> USR .)
    BZ              reduce using rule 8 (inst -> USR .)
    $end            reduce using rule 8 (inst -> USR .)


state 26

    (26) inst -> RR . REGISTER REGISTER

    REGISTER        shift and go to state 54


state 27

    (21) inst -> NOT . REGISTER REGISTER

    REGISTER        shift and go to state 55


state 28

    (14) inst -> ADD . REGISTER REGISTER

    REGISTER        shift and go to state 56


state 29

    (28) inst -> JMP . REGISTER NUMBER

    REGISTER        shift and go to state 57


state 30

    (23) inst -> SRL . REGISTER REGISTER

    REGISTER        shift and go to state 58


state 31

    (19) inst -> OR . REGISTER REGISTER

    REGISTER        shift and go to state 59


state 32

    (1) program -> inst . instlist
    (2) instlist -> . inst instlist
    (3) instlist -> .
    (4) inst -> . NOP
    (5) inst -> . EI
    (6) inst -> . DI
    (7) inst -> . SWI NUMBER
    (8) inst -> . USR
    (9) inst -> . LD REGISTER REGISTER NUMBER
    (10) inst -> . ST REGISTER REGISTER NUMBER
    (11) inst -> . MOV REGISTER REGISTER
    (12) inst -> . LIL REGISTER NUMBER
    (13) inst -> . LIH REGISTER NUMBER
    (14) inst -> . ADD REGISTER REGISTER
    (15) inst -> . ADC REGISTER REGISTER
    (16) inst -> . SUB REGISTER REGISTER
    (17) inst -> . SBC REGISTER REGISTER
    (18) inst -> . AND REGISTER REGISTER
    (19) inst -> . OR REGISTER REGISTER
    (20) inst -> . XOR REGISTER REGISTER
    (21) inst -> . NOT REGISTER REGISTER
    (22) inst -> . SL REGISTER REGISTER
    (23) inst -> . SRL REGISTER REGISTER
    (24) inst -> . SRA REGISTER REGISTER
    (25) inst -> . RRA REGISTER REGISTER
    (26) inst -> . RR REGISTER REGISTER
    (27) inst -> . RL REGISTER REGISTER
    (28) inst -> . JMP REGISTER NUMBER
    (29) inst -> . JAL REGISTER NUMBER
    (30) inst -> . BR NUMBER
    (31) inst -> . BC NUMBER
    (32) inst -> . BO NUMBER
    (33) inst -> . BN NUMBER
    (34) inst -> . BZ NUMBER

    $end            reduce using rule 3 (instlist -> .)
    NOP             shift and go to state 17
    EI              shift and go to state 8
    DI              shift and go to state 4
    SWI             shift and go to state 11
    USR             shift and go to state 25
    LD              shift and go to state 22
    ST              shift and go to state 9
    MOV             shift and go to state 1
    LIL             shift and go to state 20
    LIH             shift and go to state 13
    ADD             shift and go to state 28
    ADC             shift and go to state 5
    SUB             shift and go to state 10
    SBC             shift and go to state 18
    AND             shift and go to state 7
    OR              shift and go to state 31
    XOR             shift and go to state 21
    NOT             shift and go to state 27
    SL              shift and go to state 15
    SRL             shift and go to state 30
    SRA             shift and go to state 12
    RRA             shift and go to state 19
    RR              shift and go to state 26
    RL              shift and go to state 14
    JMP             shift and go to state 29
    JAL             shift and go to state 3
    BR              shift and go to state 2
    BC              shift and go to state 33
    BO              shift and go to state 6
    BN              shift and go to state 23
    BZ              shift and go to state 16

    inst                           shift and go to state 60
    instlist                       shift and go to state 61

state 33

    (31) inst -> BC . NUMBER

    NUMBER          shift and go to state 62


state 34

    (11) inst -> MOV REGISTER . REGISTER

    REGISTER        shift and go to state 63


state 35

    (30) inst -> BR NUMBER .

    NOP             reduce using rule 30 (inst -> BR NUMBER .)
    EI              reduce using rule 30 (inst -> BR NUMBER .)
    DI              reduce using rule 30 (inst -> BR NUMBER .)
    SWI             reduce using rule 30 (inst -> BR NUMBER .)
    USR             reduce using rule 30 (inst -> BR NUMBER .)
    LD              reduce using rule 30 (inst -> BR NUMBER .)
    ST              reduce using rule 30 (inst -> BR NUMBER .)
    MOV             reduce using rule 30 (inst -> BR NUMBER .)
    LIL             reduce using rule 30 (inst -> BR NUMBER .)
    LIH             reduce using rule 30 (inst -> BR NUMBER .)
    ADD             reduce using rule 30 (inst -> BR NUMBER .)
    ADC             reduce using rule 30 (inst -> BR NUMBER .)
    SUB             reduce using rule 30 (inst -> BR NUMBER .)
    SBC             reduce using rule 30 (inst -> BR NUMBER .)
    AND             reduce using rule 30 (inst -> BR NUMBER .)
    OR              reduce using rule 30 (inst -> BR NUMBER .)
    XOR             reduce using rule 30 (inst -> BR NUMBER .)
    NOT             reduce using rule 30 (inst -> BR NUMBER .)
    SL              reduce using rule 30 (inst -> BR NUMBER .)
    SRL             reduce using rule 30 (inst -> BR NUMBER .)
    SRA             reduce using rule 30 (inst -> BR NUMBER .)
    RRA             reduce using rule 30 (inst -> BR NUMBER .)
    RR              reduce using rule 30 (inst -> BR NUMBER .)
    RL              reduce using rule 30 (inst -> BR NUMBER .)
    JMP             reduce using rule 30 (inst -> BR NUMBER .)
    JAL             reduce using rule 30 (inst -> BR NUMBER .)
    BR              reduce using rule 30 (inst -> BR NUMBER .)
    BC              reduce using rule 30 (inst -> BR NUMBER .)
    BO              reduce using rule 30 (inst -> BR NUMBER .)
    BN              reduce using rule 30 (inst -> BR NUMBER .)
    BZ              reduce using rule 30 (inst -> BR NUMBER .)
    $end            reduce using rule 30 (inst -> BR NUMBER .)


state 36

    (29) inst -> JAL REGISTER . NUMBER

    NUMBER          shift and go to state 64


state 37

    (15) inst -> ADC REGISTER . REGISTER

    REGISTER        shift and go to state 65


state 38

    (32) inst -> BO NUMBER .

    NOP             reduce using rule 32 (inst -> BO NUMBER .)
    EI              reduce using rule 32 (inst -> BO NUMBER .)
    DI              reduce using rule 32 (inst -> BO NUMBER .)
    SWI             reduce using rule 32 (inst -> BO NUMBER .)
    USR             reduce using rule 32 (inst -> BO NUMBER .)
    LD              reduce using rule 32 (inst -> BO NUMBER .)
    ST              reduce using rule 32 (inst -> BO NUMBER .)
    MOV             reduce using rule 32 (inst -> BO NUMBER .)
    LIL             reduce using rule 32 (inst -> BO NUMBER .)
    LIH             reduce using rule 32 (inst -> BO NUMBER .)
    ADD             reduce using rule 32 (inst -> BO NUMBER .)
    ADC             reduce using rule 32 (inst -> BO NUMBER .)
    SUB             reduce using rule 32 (inst -> BO NUMBER .)
    SBC             reduce using rule 32 (inst -> BO NUMBER .)
    AND             reduce using rule 32 (inst -> BO NUMBER .)
    OR              reduce using rule 32 (inst -> BO NUMBER .)
    XOR             reduce using rule 32 (inst -> BO NUMBER .)
    NOT             reduce using rule 32 (inst -> BO NUMBER .)
    SL              reduce using rule 32 (inst -> BO NUMBER .)
    SRL             reduce using rule 32 (inst -> BO NUMBER .)
    SRA             reduce using rule 32 (inst -> BO NUMBER .)
    RRA             reduce using rule 32 (inst -> BO NUMBER .)
    RR              reduce using rule 32 (inst -> BO NUMBER .)
    RL              reduce using rule 32 (inst -> BO NUMBER .)
    JMP             reduce using rule 32 (inst -> BO NUMBER .)
    JAL             reduce using rule 32 (inst -> BO NUMBER .)
    BR              reduce using rule 32 (inst -> BO NUMBER .)
    BC              reduce using rule 32 (inst -> BO NUMBER .)
    BO              reduce using rule 32 (inst -> BO NUMBER .)
    BN              reduce using rule 32 (inst -> BO NUMBER .)
    BZ              reduce using rule 32 (inst -> BO NUMBER .)
    $end            reduce using rule 32 (inst -> BO NUMBER .)


state 39

    (18) inst -> AND REGISTER . REGISTER

    REGISTER        shift and go to state 66


state 40

    (10) inst -> ST REGISTER . REGISTER NUMBER

    REGISTER        shift and go to state 67


state 41

    (16) inst -> SUB REGISTER . REGISTER

    REGISTER        shift and go to state 68


state 42

    (7) inst -> SWI NUMBER .

    NOP             reduce using rule 7 (inst -> SWI NUMBER .)
    EI              reduce using rule 7 (inst -> SWI NUMBER .)
    DI              reduce using rule 7 (inst -> SWI NUMBER .)
    SWI             reduce using rule 7 (inst -> SWI NUMBER .)
    USR             reduce using rule 7 (inst -> SWI NUMBER .)
    LD              reduce using rule 7 (inst -> SWI NUMBER .)
    ST              reduce using rule 7 (inst -> SWI NUMBER .)
    MOV             reduce using rule 7 (inst -> SWI NUMBER .)
    LIL             reduce using rule 7 (inst -> SWI NUMBER .)
    LIH             reduce using rule 7 (inst -> SWI NUMBER .)
    ADD             reduce using rule 7 (inst -> SWI NUMBER .)
    ADC             reduce using rule 7 (inst -> SWI NUMBER .)
    SUB             reduce using rule 7 (inst -> SWI NUMBER .)
    SBC             reduce using rule 7 (inst -> SWI NUMBER .)
    AND             reduce using rule 7 (inst -> SWI NUMBER .)
    OR              reduce using rule 7 (inst -> SWI NUMBER .)
    XOR             reduce using rule 7 (inst -> SWI NUMBER .)
    NOT             reduce using rule 7 (inst -> SWI NUMBER .)
    SL              reduce using rule 7 (inst -> SWI NUMBER .)
    SRL             reduce using rule 7 (inst -> SWI NUMBER .)
    SRA             reduce using rule 7 (inst -> SWI NUMBER .)
    RRA             reduce using rule 7 (inst -> SWI NUMBER .)
    RR              reduce using rule 7 (inst -> SWI NUMBER .)
    RL              reduce using rule 7 (inst -> SWI NUMBER .)
    JMP             reduce using rule 7 (inst -> SWI NUMBER .)
    JAL             reduce using rule 7 (inst -> SWI NUMBER .)
    BR              reduce using rule 7 (inst -> SWI NUMBER .)
    BC              reduce using rule 7 (inst -> SWI NUMBER .)
    BO              reduce using rule 7 (inst -> SWI NUMBER .)
    BN              reduce using rule 7 (inst -> SWI NUMBER .)
    BZ              reduce using rule 7 (inst -> SWI NUMBER .)
    $end            reduce using rule 7 (inst -> SWI NUMBER .)


state 43

    (24) inst -> SRA REGISTER . REGISTER

    REGISTER        shift and go to state 69


state 44

    (13) inst -> LIH REGISTER . NUMBER

    NUMBER          shift and go to state 70


state 45

    (27) inst -> RL REGISTER . REGISTER

    REGISTER        shift and go to state 71


state 46

    (22) inst -> SL REGISTER . REGISTER

    REGISTER        shift and go to state 72


state 47

    (34) inst -> BZ NUMBER .

    NOP             reduce using rule 34 (inst -> BZ NUMBER .)
    EI              reduce using rule 34 (inst -> BZ NUMBER .)
    DI              reduce using rule 34 (inst -> BZ NUMBER .)
    SWI             reduce using rule 34 (inst -> BZ NUMBER .)
    USR             reduce using rule 34 (inst -> BZ NUMBER .)
    LD              reduce using rule 34 (inst -> BZ NUMBER .)
    ST              reduce using rule 34 (inst -> BZ NUMBER .)
    MOV             reduce using rule 34 (inst -> BZ NUMBER .)
    LIL             reduce using rule 34 (inst -> BZ NUMBER .)
    LIH             reduce using rule 34 (inst -> BZ NUMBER .)
    ADD             reduce using rule 34 (inst -> BZ NUMBER .)
    ADC             reduce using rule 34 (inst -> BZ NUMBER .)
    SUB             reduce using rule 34 (inst -> BZ NUMBER .)
    SBC             reduce using rule 34 (inst -> BZ NUMBER .)
    AND             reduce using rule 34 (inst -> BZ NUMBER .)
    OR              reduce using rule 34 (inst -> BZ NUMBER .)
    XOR             reduce using rule 34 (inst -> BZ NUMBER .)
    NOT             reduce using rule 34 (inst -> BZ NUMBER .)
    SL              reduce using rule 34 (inst -> BZ NUMBER .)
    SRL             reduce using rule 34 (inst -> BZ NUMBER .)
    SRA             reduce using rule 34 (inst -> BZ NUMBER .)
    RRA             reduce using rule 34 (inst -> BZ NUMBER .)
    RR              reduce using rule 34 (inst -> BZ NUMBER .)
    RL              reduce using rule 34 (inst -> BZ NUMBER .)
    JMP             reduce using rule 34 (inst -> BZ NUMBER .)
    JAL             reduce using rule 34 (inst -> BZ NUMBER .)
    BR              reduce using rule 34 (inst -> BZ NUMBER .)
    BC              reduce using rule 34 (inst -> BZ NUMBER .)
    BO              reduce using rule 34 (inst -> BZ NUMBER .)
    BN              reduce using rule 34 (inst -> BZ NUMBER .)
    BZ              reduce using rule 34 (inst -> BZ NUMBER .)
    $end            reduce using rule 34 (inst -> BZ NUMBER .)


state 48

    (17) inst -> SBC REGISTER . REGISTER

    REGISTER        shift and go to state 73


state 49

    (25) inst -> RRA REGISTER . REGISTER

    REGISTER        shift and go to state 74


state 50

    (12) inst -> LIL REGISTER . NUMBER

    NUMBER          shift and go to state 75


state 51

    (20) inst -> XOR REGISTER . REGISTER

    REGISTER        shift and go to state 76


state 52

    (9) inst -> LD REGISTER . REGISTER NUMBER

    REGISTER        shift and go to state 77


state 53

    (33) inst -> BN NUMBER .

    NOP             reduce using rule 33 (inst -> BN NUMBER .)
    EI              reduce using rule 33 (inst -> BN NUMBER .)
    DI              reduce using rule 33 (inst -> BN NUMBER .)
    SWI             reduce using rule 33 (inst -> BN NUMBER .)
    USR             reduce using rule 33 (inst -> BN NUMBER .)
    LD              reduce using rule 33 (inst -> BN NUMBER .)
    ST              reduce using rule 33 (inst -> BN NUMBER .)
    MOV             reduce using rule 33 (inst -> BN NUMBER .)
    LIL             reduce using rule 33 (inst -> BN NUMBER .)
    LIH             reduce using rule 33 (inst -> BN NUMBER .)
    ADD             reduce using rule 33 (inst -> BN NUMBER .)
    ADC             reduce using rule 33 (inst -> BN NUMBER .)
    SUB             reduce using rule 33 (inst -> BN NUMBER .)
    SBC             reduce using rule 33 (inst -> BN NUMBER .)
    AND             reduce using rule 33 (inst -> BN NUMBER .)
    OR              reduce using rule 33 (inst -> BN NUMBER .)
    XOR             reduce using rule 33 (inst -> BN NUMBER .)
    NOT             reduce using rule 33 (inst -> BN NUMBER .)
    SL              reduce using rule 33 (inst -> BN NUMBER .)
    SRL             reduce using rule 33 (inst -> BN NUMBER .)
    SRA             reduce using rule 33 (inst -> BN NUMBER .)
    RRA             reduce using rule 33 (inst -> BN NUMBER .)
    RR              reduce using rule 33 (inst -> BN NUMBER .)
    RL              reduce using rule 33 (inst -> BN NUMBER .)
    JMP             reduce using rule 33 (inst -> BN NUMBER .)
    JAL             reduce using rule 33 (inst -> BN NUMBER .)
    BR              reduce using rule 33 (inst -> BN NUMBER .)
    BC              reduce using rule 33 (inst -> BN NUMBER .)
    BO              reduce using rule 33 (inst -> BN NUMBER .)
    BN              reduce using rule 33 (inst -> BN NUMBER .)
    BZ              reduce using rule 33 (inst -> BN NUMBER .)
    $end            reduce using rule 33 (inst -> BN NUMBER .)


state 54

    (26) inst -> RR REGISTER . REGISTER

    REGISTER        shift and go to state 78


state 55

    (21) inst -> NOT REGISTER . REGISTER

    REGISTER        shift and go to state 79


state 56

    (14) inst -> ADD REGISTER . REGISTER

    REGISTER        shift and go to state 80


state 57

    (28) inst -> JMP REGISTER . NUMBER

    NUMBER          shift and go to state 81


state 58

    (23) inst -> SRL REGISTER . REGISTER

    REGISTER        shift and go to state 82


state 59

    (19) inst -> OR REGISTER . REGISTER

    REGISTER        shift and go to state 83


state 60

    (2) instlist -> inst . instlist
    (2) instlist -> . inst instlist
    (3) instlist -> .
    (4) inst -> . NOP
    (5) inst -> . EI
    (6) inst -> . DI
    (7) inst -> . SWI NUMBER
    (8) inst -> . USR
    (9) inst -> . LD REGISTER REGISTER NUMBER
    (10) inst -> . ST REGISTER REGISTER NUMBER
    (11) inst -> . MOV REGISTER REGISTER
    (12) inst -> . LIL REGISTER NUMBER
    (13) inst -> . LIH REGISTER NUMBER
    (14) inst -> . ADD REGISTER REGISTER
    (15) inst -> . ADC REGISTER REGISTER
    (16) inst -> . SUB REGISTER REGISTER
    (17) inst -> . SBC REGISTER REGISTER
    (18) inst -> . AND REGISTER REGISTER
    (19) inst -> . OR REGISTER REGISTER
    (20) inst -> . XOR REGISTER REGISTER
    (21) inst -> . NOT REGISTER REGISTER
    (22) inst -> . SL REGISTER REGISTER
    (23) inst -> . SRL REGISTER REGISTER
    (24) inst -> . SRA REGISTER REGISTER
    (25) inst -> . RRA REGISTER REGISTER
    (26) inst -> . RR REGISTER REGISTER
    (27) inst -> . RL REGISTER REGISTER
    (28) inst -> . JMP REGISTER NUMBER
    (29) inst -> . JAL REGISTER NUMBER
    (30) inst -> . BR NUMBER
    (31) inst -> . BC NUMBER
    (32) inst -> . BO NUMBER
    (33) inst -> . BN NUMBER
    (34) inst -> . BZ NUMBER

    $end            reduce using rule 3 (instlist -> .)
    NOP             shift and go to state 17
    EI              shift and go to state 8
    DI              shift and go to state 4
    SWI             shift and go to state 11
    USR             shift and go to state 25
    LD              shift and go to state 22
    ST              shift and go to state 9
    MOV             shift and go to state 1
    LIL             shift and go to state 20
    LIH             shift and go to state 13
    ADD             shift and go to state 28
    ADC             shift and go to state 5
    SUB             shift and go to state 10
    SBC             shift and go to state 18
    AND             shift and go to state 7
    OR              shift and go to state 31
    XOR             shift and go to state 21
    NOT             shift and go to state 27
    SL              shift and go to state 15
    SRL             shift and go to state 30
    SRA             shift and go to state 12
    RRA             shift and go to state 19
    RR              shift and go to state 26
    RL              shift and go to state 14
    JMP             shift and go to state 29
    JAL             shift and go to state 3
    BR              shift and go to state 2
    BC              shift and go to state 33
    BO              shift and go to state 6
    BN              shift and go to state 23
    BZ              shift and go to state 16

    inst                           shift and go to state 60
    instlist                       shift and go to state 84

state 61

    (1) program -> inst instlist .

    $end            reduce using rule 1 (program -> inst instlist .)


state 62

    (31) inst -> BC NUMBER .

    NOP             reduce using rule 31 (inst -> BC NUMBER .)
    EI              reduce using rule 31 (inst -> BC NUMBER .)
    DI              reduce using rule 31 (inst -> BC NUMBER .)
    SWI             reduce using rule 31 (inst -> BC NUMBER .)
    USR             reduce using rule 31 (inst -> BC NUMBER .)
    LD              reduce using rule 31 (inst -> BC NUMBER .)
    ST              reduce using rule 31 (inst -> BC NUMBER .)
    MOV             reduce using rule 31 (inst -> BC NUMBER .)
    LIL             reduce using rule 31 (inst -> BC NUMBER .)
    LIH             reduce using rule 31 (inst -> BC NUMBER .)
    ADD             reduce using rule 31 (inst -> BC NUMBER .)
    ADC             reduce using rule 31 (inst -> BC NUMBER .)
    SUB             reduce using rule 31 (inst -> BC NUMBER .)
    SBC             reduce using rule 31 (inst -> BC NUMBER .)
    AND             reduce using rule 31 (inst -> BC NUMBER .)
    OR              reduce using rule 31 (inst -> BC NUMBER .)
    XOR             reduce using rule 31 (inst -> BC NUMBER .)
    NOT             reduce using rule 31 (inst -> BC NUMBER .)
    SL              reduce using rule 31 (inst -> BC NUMBER .)
    SRL             reduce using rule 31 (inst -> BC NUMBER .)
    SRA             reduce using rule 31 (inst -> BC NUMBER .)
    RRA             reduce using rule 31 (inst -> BC NUMBER .)
    RR              reduce using rule 31 (inst -> BC NUMBER .)
    RL              reduce using rule 31 (inst -> BC NUMBER .)
    JMP             reduce using rule 31 (inst -> BC NUMBER .)
    JAL             reduce using rule 31 (inst -> BC NUMBER .)
    BR              reduce using rule 31 (inst -> BC NUMBER .)
    BC              reduce using rule 31 (inst -> BC NUMBER .)
    BO              reduce using rule 31 (inst -> BC NUMBER .)
    BN              reduce using rule 31 (inst -> BC NUMBER .)
    BZ              reduce using rule 31 (inst -> BC NUMBER .)
    $end            reduce using rule 31 (inst -> BC NUMBER .)


state 63

    (11) inst -> MOV REGISTER REGISTER .

    NOP             reduce using rule 11 (inst -> MOV REGISTER REGISTER .)
    EI              reduce using rule 11 (inst -> MOV REGISTER REGISTER .)
    DI              reduce using rule 11 (inst -> MOV REGISTER REGISTER .)
    SWI             reduce using rule 11 (inst -> MOV REGISTER REGISTER .)
    USR             reduce using rule 11 (inst -> MOV REGISTER REGISTER .)
    LD              reduce using rule 11 (inst -> MOV REGISTER REGISTER .)
    ST              reduce using rule 11 (inst -> MOV REGISTER REGISTER .)
    MOV             reduce using rule 11 (inst -> MOV REGISTER REGISTER .)
    LIL             reduce using rule 11 (inst -> MOV REGISTER REGISTER .)
    LIH             reduce using rule 11 (inst -> MOV REGISTER REGISTER .)
    ADD             reduce using rule 11 (inst -> MOV REGISTER REGISTER .)
    ADC             reduce using rule 11 (inst -> MOV REGISTER REGISTER .)
    SUB             reduce using rule 11 (inst -> MOV REGISTER REGISTER .)
    SBC             reduce using rule 11 (inst -> MOV REGISTER REGISTER .)
    AND             reduce using rule 11 (inst -> MOV REGISTER REGISTER .)
    OR              reduce using rule 11 (inst -> MOV REGISTER REGISTER .)
    XOR             reduce using rule 11 (inst -> MOV REGISTER REGISTER .)
    NOT             reduce using rule 11 (inst -> MOV REGISTER REGISTER .)
    SL              reduce using rule 11 (inst -> MOV REGISTER REGISTER .)
    SRL             reduce using rule 11 (inst -> MOV REGISTER REGISTER .)
    SRA             reduce using rule 11 (inst -> MOV REGISTER REGISTER .)
    RRA             reduce using rule 11 (inst -> MOV REGISTER REGISTER .)
    RR              reduce using rule 11 (inst -> MOV REGISTER REGISTER .)
    RL              reduce using rule 11 (inst -> MOV REGISTER REGISTER .)
    JMP             reduce using rule 11 (inst -> MOV REGISTER REGISTER .)
    JAL             reduce using rule 11 (inst -> MOV REGISTER REGISTER .)
    BR              reduce using rule 11 (inst -> MOV REGISTER REGISTER .)
    BC              reduce using rule 11 (inst -> MOV REGISTER REGISTER .)
    BO              reduce using rule 11 (inst -> MOV REGISTER REGISTER .)
    BN              reduce using rule 11 (inst -> MOV REGISTER REGISTER .)
    BZ              reduce using rule 11 (inst -> MOV REGISTER REGISTER .)
    $end            reduce using rule 11 (inst -> MOV REGISTER REGISTER .)


state 64

    (29) inst -> JAL REGISTER NUMBER .

    NOP             reduce using rule 29 (inst -> JAL REGISTER NUMBER .)
    EI              reduce using rule 29 (inst -> JAL REGISTER NUMBER .)
    DI              reduce using rule 29 (inst -> JAL REGISTER NUMBER .)
    SWI             reduce using rule 29 (inst -> JAL REGISTER NUMBER .)
    USR             reduce using rule 29 (inst -> JAL REGISTER NUMBER .)
    LD              reduce using rule 29 (inst -> JAL REGISTER NUMBER .)
    ST              reduce using rule 29 (inst -> JAL REGISTER NUMBER .)
    MOV             reduce using rule 29 (inst -> JAL REGISTER NUMBER .)
    LIL             reduce using rule 29 (inst -> JAL REGISTER NUMBER .)
    LIH             reduce using rule 29 (inst -> JAL REGISTER NUMBER .)
    ADD             reduce using rule 29 (inst -> JAL REGISTER NUMBER .)
    ADC             reduce using rule 29 (inst -> JAL REGISTER NUMBER .)
    SUB             reduce using rule 29 (inst -> JAL REGISTER NUMBER .)
    SBC             reduce using rule 29 (inst -> JAL REGISTER NUMBER .)
    AND             reduce using rule 29 (inst -> JAL REGISTER NUMBER .)
    OR              reduce using rule 29 (inst -> JAL REGISTER NUMBER .)
    XOR             reduce using rule 29 (inst -> JAL REGISTER NUMBER .)
    NOT             reduce using rule 29 (inst -> JAL REGISTER NUMBER .)
    SL              reduce using rule 29 (inst -> JAL REGISTER NUMBER .)
    SRL             reduce using rule 29 (inst -> JAL REGISTER NUMBER .)
    SRA             reduce using rule 29 (inst -> JAL REGISTER NUMBER .)
    RRA             reduce using rule 29 (inst -> JAL REGISTER NUMBER .)
    RR              reduce using rule 29 (inst -> JAL REGISTER NUMBER .)
    RL              reduce using rule 29 (inst -> JAL REGISTER NUMBER .)
    JMP             reduce using rule 29 (inst -> JAL REGISTER NUMBER .)
    JAL             reduce using rule 29 (inst -> JAL REGISTER NUMBER .)
    BR              reduce using rule 29 (inst -> JAL REGISTER NUMBER .)
    BC              reduce using rule 29 (inst -> JAL REGISTER NUMBER .)
    BO              reduce using rule 29 (inst -> JAL REGISTER NUMBER .)
    BN              reduce using rule 29 (inst -> JAL REGISTER NUMBER .)
    BZ              reduce using rule 29 (inst -> JAL REGISTER NUMBER .)
    $end            reduce using rule 29 (inst -> JAL REGISTER NUMBER .)


state 65

    (15) inst -> ADC REGISTER REGISTER .

    NOP             reduce using rule 15 (inst -> ADC REGISTER REGISTER .)
    EI              reduce using rule 15 (inst -> ADC REGISTER REGISTER .)
    DI              reduce using rule 15 (inst -> ADC REGISTER REGISTER .)
    SWI             reduce using rule 15 (inst -> ADC REGISTER REGISTER .)
    USR             reduce using rule 15 (inst -> ADC REGISTER REGISTER .)
    LD              reduce using rule 15 (inst -> ADC REGISTER REGISTER .)
    ST              reduce using rule 15 (inst -> ADC REGISTER REGISTER .)
    MOV             reduce using rule 15 (inst -> ADC REGISTER REGISTER .)
    LIL             reduce using rule 15 (inst -> ADC REGISTER REGISTER .)
    LIH             reduce using rule 15 (inst -> ADC REGISTER REGISTER .)
    ADD             reduce using rule 15 (inst -> ADC REGISTER REGISTER .)
    ADC             reduce using rule 15 (inst -> ADC REGISTER REGISTER .)
    SUB             reduce using rule 15 (inst -> ADC REGISTER REGISTER .)
    SBC             reduce using rule 15 (inst -> ADC REGISTER REGISTER .)
    AND             reduce using rule 15 (inst -> ADC REGISTER REGISTER .)
    OR              reduce using rule 15 (inst -> ADC REGISTER REGISTER .)
    XOR             reduce using rule 15 (inst -> ADC REGISTER REGISTER .)
    NOT             reduce using rule 15 (inst -> ADC REGISTER REGISTER .)
    SL              reduce using rule 15 (inst -> ADC REGISTER REGISTER .)
    SRL             reduce using rule 15 (inst -> ADC REGISTER REGISTER .)
    SRA             reduce using rule 15 (inst -> ADC REGISTER REGISTER .)
    RRA             reduce using rule 15 (inst -> ADC REGISTER REGISTER .)
    RR              reduce using rule 15 (inst -> ADC REGISTER REGISTER .)
    RL              reduce using rule 15 (inst -> ADC REGISTER REGISTER .)
    JMP             reduce using rule 15 (inst -> ADC REGISTER REGISTER .)
    JAL             reduce using rule 15 (inst -> ADC REGISTER REGISTER .)
    BR              reduce using rule 15 (inst -> ADC REGISTER REGISTER .)
    BC              reduce using rule 15 (inst -> ADC REGISTER REGISTER .)
    BO              reduce using rule 15 (inst -> ADC REGISTER REGISTER .)
    BN              reduce using rule 15 (inst -> ADC REGISTER REGISTER .)
    BZ              reduce using rule 15 (inst -> ADC REGISTER REGISTER .)
    $end            reduce using rule 15 (inst -> ADC REGISTER REGISTER .)


state 66

    (18) inst -> AND REGISTER REGISTER .

    NOP             reduce using rule 18 (inst -> AND REGISTER REGISTER .)
    EI              reduce using rule 18 (inst -> AND REGISTER REGISTER .)
    DI              reduce using rule 18 (inst -> AND REGISTER REGISTER .)
    SWI             reduce using rule 18 (inst -> AND REGISTER REGISTER .)
    USR             reduce using rule 18 (inst -> AND REGISTER REGISTER .)
    LD              reduce using rule 18 (inst -> AND REGISTER REGISTER .)
    ST              reduce using rule 18 (inst -> AND REGISTER REGISTER .)
    MOV             reduce using rule 18 (inst -> AND REGISTER REGISTER .)
    LIL             reduce using rule 18 (inst -> AND REGISTER REGISTER .)
    LIH             reduce using rule 18 (inst -> AND REGISTER REGISTER .)
    ADD             reduce using rule 18 (inst -> AND REGISTER REGISTER .)
    ADC             reduce using rule 18 (inst -> AND REGISTER REGISTER .)
    SUB             reduce using rule 18 (inst -> AND REGISTER REGISTER .)
    SBC             reduce using rule 18 (inst -> AND REGISTER REGISTER .)
    AND             reduce using rule 18 (inst -> AND REGISTER REGISTER .)
    OR              reduce using rule 18 (inst -> AND REGISTER REGISTER .)
    XOR             reduce using rule 18 (inst -> AND REGISTER REGISTER .)
    NOT             reduce using rule 18 (inst -> AND REGISTER REGISTER .)
    SL              reduce using rule 18 (inst -> AND REGISTER REGISTER .)
    SRL             reduce using rule 18 (inst -> AND REGISTER REGISTER .)
    SRA             reduce using rule 18 (inst -> AND REGISTER REGISTER .)
    RRA             reduce using rule 18 (inst -> AND REGISTER REGISTER .)
    RR              reduce using rule 18 (inst -> AND REGISTER REGISTER .)
    RL              reduce using rule 18 (inst -> AND REGISTER REGISTER .)
    JMP             reduce using rule 18 (inst -> AND REGISTER REGISTER .)
    JAL             reduce using rule 18 (inst -> AND REGISTER REGISTER .)
    BR              reduce using rule 18 (inst -> AND REGISTER REGISTER .)
    BC              reduce using rule 18 (inst -> AND REGISTER REGISTER .)
    BO              reduce using rule 18 (inst -> AND REGISTER REGISTER .)
    BN              reduce using rule 18 (inst -> AND REGISTER REGISTER .)
    BZ              reduce using rule 18 (inst -> AND REGISTER REGISTER .)
    $end            reduce using rule 18 (inst -> AND REGISTER REGISTER .)


state 67

    (10) inst -> ST REGISTER REGISTER . NUMBER

    NUMBER          shift and go to state 85


state 68

    (16) inst -> SUB REGISTER REGISTER .

    NOP             reduce using rule 16 (inst -> SUB REGISTER REGISTER .)
    EI              reduce using rule 16 (inst -> SUB REGISTER REGISTER .)
    DI              reduce using rule 16 (inst -> SUB REGISTER REGISTER .)
    SWI             reduce using rule 16 (inst -> SUB REGISTER REGISTER .)
    USR             reduce using rule 16 (inst -> SUB REGISTER REGISTER .)
    LD              reduce using rule 16 (inst -> SUB REGISTER REGISTER .)
    ST              reduce using rule 16 (inst -> SUB REGISTER REGISTER .)
    MOV             reduce using rule 16 (inst -> SUB REGISTER REGISTER .)
    LIL             reduce using rule 16 (inst -> SUB REGISTER REGISTER .)
    LIH             reduce using rule 16 (inst -> SUB REGISTER REGISTER .)
    ADD             reduce using rule 16 (inst -> SUB REGISTER REGISTER .)
    ADC             reduce using rule 16 (inst -> SUB REGISTER REGISTER .)
    SUB             reduce using rule 16 (inst -> SUB REGISTER REGISTER .)
    SBC             reduce using rule 16 (inst -> SUB REGISTER REGISTER .)
    AND             reduce using rule 16 (inst -> SUB REGISTER REGISTER .)
    OR              reduce using rule 16 (inst -> SUB REGISTER REGISTER .)
    XOR             reduce using rule 16 (inst -> SUB REGISTER REGISTER .)
    NOT             reduce using rule 16 (inst -> SUB REGISTER REGISTER .)
    SL              reduce using rule 16 (inst -> SUB REGISTER REGISTER .)
    SRL             reduce using rule 16 (inst -> SUB REGISTER REGISTER .)
    SRA             reduce using rule 16 (inst -> SUB REGISTER REGISTER .)
    RRA             reduce using rule 16 (inst -> SUB REGISTER REGISTER .)
    RR              reduce using rule 16 (inst -> SUB REGISTER REGISTER .)
    RL              reduce using rule 16 (inst -> SUB REGISTER REGISTER .)
    JMP             reduce using rule 16 (inst -> SUB REGISTER REGISTER .)
    JAL             reduce using rule 16 (inst -> SUB REGISTER REGISTER .)
    BR              reduce using rule 16 (inst -> SUB REGISTER REGISTER .)
    BC              reduce using rule 16 (inst -> SUB REGISTER REGISTER .)
    BO              reduce using rule 16 (inst -> SUB REGISTER REGISTER .)
    BN              reduce using rule 16 (inst -> SUB REGISTER REGISTER .)
    BZ              reduce using rule 16 (inst -> SUB REGISTER REGISTER .)
    $end            reduce using rule 16 (inst -> SUB REGISTER REGISTER .)


state 69

    (24) inst -> SRA REGISTER REGISTER .

    NOP             reduce using rule 24 (inst -> SRA REGISTER REGISTER .)
    EI              reduce using rule 24 (inst -> SRA REGISTER REGISTER .)
    DI              reduce using rule 24 (inst -> SRA REGISTER REGISTER .)
    SWI             reduce using rule 24 (inst -> SRA REGISTER REGISTER .)
    USR             reduce using rule 24 (inst -> SRA REGISTER REGISTER .)
    LD              reduce using rule 24 (inst -> SRA REGISTER REGISTER .)
    ST              reduce using rule 24 (inst -> SRA REGISTER REGISTER .)
    MOV             reduce using rule 24 (inst -> SRA REGISTER REGISTER .)
    LIL             reduce using rule 24 (inst -> SRA REGISTER REGISTER .)
    LIH             reduce using rule 24 (inst -> SRA REGISTER REGISTER .)
    ADD             reduce using rule 24 (inst -> SRA REGISTER REGISTER .)
    ADC             reduce using rule 24 (inst -> SRA REGISTER REGISTER .)
    SUB             reduce using rule 24 (inst -> SRA REGISTER REGISTER .)
    SBC             reduce using rule 24 (inst -> SRA REGISTER REGISTER .)
    AND             reduce using rule 24 (inst -> SRA REGISTER REGISTER .)
    OR              reduce using rule 24 (inst -> SRA REGISTER REGISTER .)
    XOR             reduce using rule 24 (inst -> SRA REGISTER REGISTER .)
    NOT             reduce using rule 24 (inst -> SRA REGISTER REGISTER .)
    SL              reduce using rule 24 (inst -> SRA REGISTER REGISTER .)
    SRL             reduce using rule 24 (inst -> SRA REGISTER REGISTER .)
    SRA             reduce using rule 24 (inst -> SRA REGISTER REGISTER .)
    RRA             reduce using rule 24 (inst -> SRA REGISTER REGISTER .)
    RR              reduce using rule 24 (inst -> SRA REGISTER REGISTER .)
    RL              reduce using rule 24 (inst -> SRA REGISTER REGISTER .)
    JMP             reduce using rule 24 (inst -> SRA REGISTER REGISTER .)
    JAL             reduce using rule 24 (inst -> SRA REGISTER REGISTER .)
    BR              reduce using rule 24 (inst -> SRA REGISTER REGISTER .)
    BC              reduce using rule 24 (inst -> SRA REGISTER REGISTER .)
    BO              reduce using rule 24 (inst -> SRA REGISTER REGISTER .)
    BN              reduce using rule 24 (inst -> SRA REGISTER REGISTER .)
    BZ              reduce using rule 24 (inst -> SRA REGISTER REGISTER .)
    $end            reduce using rule 24 (inst -> SRA REGISTER REGISTER .)


state 70

    (13) inst -> LIH REGISTER NUMBER .

    NOP             reduce using rule 13 (inst -> LIH REGISTER NUMBER .)
    EI              reduce using rule 13 (inst -> LIH REGISTER NUMBER .)
    DI              reduce using rule 13 (inst -> LIH REGISTER NUMBER .)
    SWI             reduce using rule 13 (inst -> LIH REGISTER NUMBER .)
    USR             reduce using rule 13 (inst -> LIH REGISTER NUMBER .)
    LD              reduce using rule 13 (inst -> LIH REGISTER NUMBER .)
    ST              reduce using rule 13 (inst -> LIH REGISTER NUMBER .)
    MOV             reduce using rule 13 (inst -> LIH REGISTER NUMBER .)
    LIL             reduce using rule 13 (inst -> LIH REGISTER NUMBER .)
    LIH             reduce using rule 13 (inst -> LIH REGISTER NUMBER .)
    ADD             reduce using rule 13 (inst -> LIH REGISTER NUMBER .)
    ADC             reduce using rule 13 (inst -> LIH REGISTER NUMBER .)
    SUB             reduce using rule 13 (inst -> LIH REGISTER NUMBER .)
    SBC             reduce using rule 13 (inst -> LIH REGISTER NUMBER .)
    AND             reduce using rule 13 (inst -> LIH REGISTER NUMBER .)
    OR              reduce using rule 13 (inst -> LIH REGISTER NUMBER .)
    XOR             reduce using rule 13 (inst -> LIH REGISTER NUMBER .)
    NOT             reduce using rule 13 (inst -> LIH REGISTER NUMBER .)
    SL              reduce using rule 13 (inst -> LIH REGISTER NUMBER .)
    SRL             reduce using rule 13 (inst -> LIH REGISTER NUMBER .)
    SRA             reduce using rule 13 (inst -> LIH REGISTER NUMBER .)
    RRA             reduce using rule 13 (inst -> LIH REGISTER NUMBER .)
    RR              reduce using rule 13 (inst -> LIH REGISTER NUMBER .)
    RL              reduce using rule 13 (inst -> LIH REGISTER NUMBER .)
    JMP             reduce using rule 13 (inst -> LIH REGISTER NUMBER .)
    JAL             reduce using rule 13 (inst -> LIH REGISTER NUMBER .)
    BR              reduce using rule 13 (inst -> LIH REGISTER NUMBER .)
    BC              reduce using rule 13 (inst -> LIH REGISTER NUMBER .)
    BO              reduce using rule 13 (inst -> LIH REGISTER NUMBER .)
    BN              reduce using rule 13 (inst -> LIH REGISTER NUMBER .)
    BZ              reduce using rule 13 (inst -> LIH REGISTER NUMBER .)
    $end            reduce using rule 13 (inst -> LIH REGISTER NUMBER .)


state 71

    (27) inst -> RL REGISTER REGISTER .

    NOP             reduce using rule 27 (inst -> RL REGISTER REGISTER .)
    EI              reduce using rule 27 (inst -> RL REGISTER REGISTER .)
    DI              reduce using rule 27 (inst -> RL REGISTER REGISTER .)
    SWI             reduce using rule 27 (inst -> RL REGISTER REGISTER .)
    USR             reduce using rule 27 (inst -> RL REGISTER REGISTER .)
    LD              reduce using rule 27 (inst -> RL REGISTER REGISTER .)
    ST              reduce using rule 27 (inst -> RL REGISTER REGISTER .)
    MOV             reduce using rule 27 (inst -> RL REGISTER REGISTER .)
    LIL             reduce using rule 27 (inst -> RL REGISTER REGISTER .)
    LIH             reduce using rule 27 (inst -> RL REGISTER REGISTER .)
    ADD             reduce using rule 27 (inst -> RL REGISTER REGISTER .)
    ADC             reduce using rule 27 (inst -> RL REGISTER REGISTER .)
    SUB             reduce using rule 27 (inst -> RL REGISTER REGISTER .)
    SBC             reduce using rule 27 (inst -> RL REGISTER REGISTER .)
    AND             reduce using rule 27 (inst -> RL REGISTER REGISTER .)
    OR              reduce using rule 27 (inst -> RL REGISTER REGISTER .)
    XOR             reduce using rule 27 (inst -> RL REGISTER REGISTER .)
    NOT             reduce using rule 27 (inst -> RL REGISTER REGISTER .)
    SL              reduce using rule 27 (inst -> RL REGISTER REGISTER .)
    SRL             reduce using rule 27 (inst -> RL REGISTER REGISTER .)
    SRA             reduce using rule 27 (inst -> RL REGISTER REGISTER .)
    RRA             reduce using rule 27 (inst -> RL REGISTER REGISTER .)
    RR              reduce using rule 27 (inst -> RL REGISTER REGISTER .)
    RL              reduce using rule 27 (inst -> RL REGISTER REGISTER .)
    JMP             reduce using rule 27 (inst -> RL REGISTER REGISTER .)
    JAL             reduce using rule 27 (inst -> RL REGISTER REGISTER .)
    BR              reduce using rule 27 (inst -> RL REGISTER REGISTER .)
    BC              reduce using rule 27 (inst -> RL REGISTER REGISTER .)
    BO              reduce using rule 27 (inst -> RL REGISTER REGISTER .)
    BN              reduce using rule 27 (inst -> RL REGISTER REGISTER .)
    BZ              reduce using rule 27 (inst -> RL REGISTER REGISTER .)
    $end            reduce using rule 27 (inst -> RL REGISTER REGISTER .)


state 72

    (22) inst -> SL REGISTER REGISTER .

    NOP             reduce using rule 22 (inst -> SL REGISTER REGISTER .)
    EI              reduce using rule 22 (inst -> SL REGISTER REGISTER .)
    DI              reduce using rule 22 (inst -> SL REGISTER REGISTER .)
    SWI             reduce using rule 22 (inst -> SL REGISTER REGISTER .)
    USR             reduce using rule 22 (inst -> SL REGISTER REGISTER .)
    LD              reduce using rule 22 (inst -> SL REGISTER REGISTER .)
    ST              reduce using rule 22 (inst -> SL REGISTER REGISTER .)
    MOV             reduce using rule 22 (inst -> SL REGISTER REGISTER .)
    LIL             reduce using rule 22 (inst -> SL REGISTER REGISTER .)
    LIH             reduce using rule 22 (inst -> SL REGISTER REGISTER .)
    ADD             reduce using rule 22 (inst -> SL REGISTER REGISTER .)
    ADC             reduce using rule 22 (inst -> SL REGISTER REGISTER .)
    SUB             reduce using rule 22 (inst -> SL REGISTER REGISTER .)
    SBC             reduce using rule 22 (inst -> SL REGISTER REGISTER .)
    AND             reduce using rule 22 (inst -> SL REGISTER REGISTER .)
    OR              reduce using rule 22 (inst -> SL REGISTER REGISTER .)
    XOR             reduce using rule 22 (inst -> SL REGISTER REGISTER .)
    NOT             reduce using rule 22 (inst -> SL REGISTER REGISTER .)
    SL              reduce using rule 22 (inst -> SL REGISTER REGISTER .)
    SRL             reduce using rule 22 (inst -> SL REGISTER REGISTER .)
    SRA             reduce using rule 22 (inst -> SL REGISTER REGISTER .)
    RRA             reduce using rule 22 (inst -> SL REGISTER REGISTER .)
    RR              reduce using rule 22 (inst -> SL REGISTER REGISTER .)
    RL              reduce using rule 22 (inst -> SL REGISTER REGISTER .)
    JMP             reduce using rule 22 (inst -> SL REGISTER REGISTER .)
    JAL             reduce using rule 22 (inst -> SL REGISTER REGISTER .)
    BR              reduce using rule 22 (inst -> SL REGISTER REGISTER .)
    BC              reduce using rule 22 (inst -> SL REGISTER REGISTER .)
    BO              reduce using rule 22 (inst -> SL REGISTER REGISTER .)
    BN              reduce using rule 22 (inst -> SL REGISTER REGISTER .)
    BZ              reduce using rule 22 (inst -> SL REGISTER REGISTER .)
    $end            reduce using rule 22 (inst -> SL REGISTER REGISTER .)


state 73

    (17) inst -> SBC REGISTER REGISTER .

    NOP             reduce using rule 17 (inst -> SBC REGISTER REGISTER .)
    EI              reduce using rule 17 (inst -> SBC REGISTER REGISTER .)
    DI              reduce using rule 17 (inst -> SBC REGISTER REGISTER .)
    SWI             reduce using rule 17 (inst -> SBC REGISTER REGISTER .)
    USR             reduce using rule 17 (inst -> SBC REGISTER REGISTER .)
    LD              reduce using rule 17 (inst -> SBC REGISTER REGISTER .)
    ST              reduce using rule 17 (inst -> SBC REGISTER REGISTER .)
    MOV             reduce using rule 17 (inst -> SBC REGISTER REGISTER .)
    LIL             reduce using rule 17 (inst -> SBC REGISTER REGISTER .)
    LIH             reduce using rule 17 (inst -> SBC REGISTER REGISTER .)
    ADD             reduce using rule 17 (inst -> SBC REGISTER REGISTER .)
    ADC             reduce using rule 17 (inst -> SBC REGISTER REGISTER .)
    SUB             reduce using rule 17 (inst -> SBC REGISTER REGISTER .)
    SBC             reduce using rule 17 (inst -> SBC REGISTER REGISTER .)
    AND             reduce using rule 17 (inst -> SBC REGISTER REGISTER .)
    OR              reduce using rule 17 (inst -> SBC REGISTER REGISTER .)
    XOR             reduce using rule 17 (inst -> SBC REGISTER REGISTER .)
    NOT             reduce using rule 17 (inst -> SBC REGISTER REGISTER .)
    SL              reduce using rule 17 (inst -> SBC REGISTER REGISTER .)
    SRL             reduce using rule 17 (inst -> SBC REGISTER REGISTER .)
    SRA             reduce using rule 17 (inst -> SBC REGISTER REGISTER .)
    RRA             reduce using rule 17 (inst -> SBC REGISTER REGISTER .)
    RR              reduce using rule 17 (inst -> SBC REGISTER REGISTER .)
    RL              reduce using rule 17 (inst -> SBC REGISTER REGISTER .)
    JMP             reduce using rule 17 (inst -> SBC REGISTER REGISTER .)
    JAL             reduce using rule 17 (inst -> SBC REGISTER REGISTER .)
    BR              reduce using rule 17 (inst -> SBC REGISTER REGISTER .)
    BC              reduce using rule 17 (inst -> SBC REGISTER REGISTER .)
    BO              reduce using rule 17 (inst -> SBC REGISTER REGISTER .)
    BN              reduce using rule 17 (inst -> SBC REGISTER REGISTER .)
    BZ              reduce using rule 17 (inst -> SBC REGISTER REGISTER .)
    $end            reduce using rule 17 (inst -> SBC REGISTER REGISTER .)


state 74

    (25) inst -> RRA REGISTER REGISTER .

    NOP             reduce using rule 25 (inst -> RRA REGISTER REGISTER .)
    EI              reduce using rule 25 (inst -> RRA REGISTER REGISTER .)
    DI              reduce using rule 25 (inst -> RRA REGISTER REGISTER .)
    SWI             reduce using rule 25 (inst -> RRA REGISTER REGISTER .)
    USR             reduce using rule 25 (inst -> RRA REGISTER REGISTER .)
    LD              reduce using rule 25 (inst -> RRA REGISTER REGISTER .)
    ST              reduce using rule 25 (inst -> RRA REGISTER REGISTER .)
    MOV             reduce using rule 25 (inst -> RRA REGISTER REGISTER .)
    LIL             reduce using rule 25 (inst -> RRA REGISTER REGISTER .)
    LIH             reduce using rule 25 (inst -> RRA REGISTER REGISTER .)
    ADD             reduce using rule 25 (inst -> RRA REGISTER REGISTER .)
    ADC             reduce using rule 25 (inst -> RRA REGISTER REGISTER .)
    SUB             reduce using rule 25 (inst -> RRA REGISTER REGISTER .)
    SBC             reduce using rule 25 (inst -> RRA REGISTER REGISTER .)
    AND             reduce using rule 25 (inst -> RRA REGISTER REGISTER .)
    OR              reduce using rule 25 (inst -> RRA REGISTER REGISTER .)
    XOR             reduce using rule 25 (inst -> RRA REGISTER REGISTER .)
    NOT             reduce using rule 25 (inst -> RRA REGISTER REGISTER .)
    SL              reduce using rule 25 (inst -> RRA REGISTER REGISTER .)
    SRL             reduce using rule 25 (inst -> RRA REGISTER REGISTER .)
    SRA             reduce using rule 25 (inst -> RRA REGISTER REGISTER .)
    RRA             reduce using rule 25 (inst -> RRA REGISTER REGISTER .)
    RR              reduce using rule 25 (inst -> RRA REGISTER REGISTER .)
    RL              reduce using rule 25 (inst -> RRA REGISTER REGISTER .)
    JMP             reduce using rule 25 (inst -> RRA REGISTER REGISTER .)
    JAL             reduce using rule 25 (inst -> RRA REGISTER REGISTER .)
    BR              reduce using rule 25 (inst -> RRA REGISTER REGISTER .)
    BC              reduce using rule 25 (inst -> RRA REGISTER REGISTER .)
    BO              reduce using rule 25 (inst -> RRA REGISTER REGISTER .)
    BN              reduce using rule 25 (inst -> RRA REGISTER REGISTER .)
    BZ              reduce using rule 25 (inst -> RRA REGISTER REGISTER .)
    $end            reduce using rule 25 (inst -> RRA REGISTER REGISTER .)


state 75

    (12) inst -> LIL REGISTER NUMBER .

    NOP             reduce using rule 12 (inst -> LIL REGISTER NUMBER .)
    EI              reduce using rule 12 (inst -> LIL REGISTER NUMBER .)
    DI              reduce using rule 12 (inst -> LIL REGISTER NUMBER .)
    SWI             reduce using rule 12 (inst -> LIL REGISTER NUMBER .)
    USR             reduce using rule 12 (inst -> LIL REGISTER NUMBER .)
    LD              reduce using rule 12 (inst -> LIL REGISTER NUMBER .)
    ST              reduce using rule 12 (inst -> LIL REGISTER NUMBER .)
    MOV             reduce using rule 12 (inst -> LIL REGISTER NUMBER .)
    LIL             reduce using rule 12 (inst -> LIL REGISTER NUMBER .)
    LIH             reduce using rule 12 (inst -> LIL REGISTER NUMBER .)
    ADD             reduce using rule 12 (inst -> LIL REGISTER NUMBER .)
    ADC             reduce using rule 12 (inst -> LIL REGISTER NUMBER .)
    SUB             reduce using rule 12 (inst -> LIL REGISTER NUMBER .)
    SBC             reduce using rule 12 (inst -> LIL REGISTER NUMBER .)
    AND             reduce using rule 12 (inst -> LIL REGISTER NUMBER .)
    OR              reduce using rule 12 (inst -> LIL REGISTER NUMBER .)
    XOR             reduce using rule 12 (inst -> LIL REGISTER NUMBER .)
    NOT             reduce using rule 12 (inst -> LIL REGISTER NUMBER .)
    SL              reduce using rule 12 (inst -> LIL REGISTER NUMBER .)
    SRL             reduce using rule 12 (inst -> LIL REGISTER NUMBER .)
    SRA             reduce using rule 12 (inst -> LIL REGISTER NUMBER .)
    RRA             reduce using rule 12 (inst -> LIL REGISTER NUMBER .)
    RR              reduce using rule 12 (inst -> LIL REGISTER NUMBER .)
    RL              reduce using rule 12 (inst -> LIL REGISTER NUMBER .)
    JMP             reduce using rule 12 (inst -> LIL REGISTER NUMBER .)
    JAL             reduce using rule 12 (inst -> LIL REGISTER NUMBER .)
    BR              reduce using rule 12 (inst -> LIL REGISTER NUMBER .)
    BC              reduce using rule 12 (inst -> LIL REGISTER NUMBER .)
    BO              reduce using rule 12 (inst -> LIL REGISTER NUMBER .)
    BN              reduce using rule 12 (inst -> LIL REGISTER NUMBER .)
    BZ              reduce using rule 12 (inst -> LIL REGISTER NUMBER .)
    $end            reduce using rule 12 (inst -> LIL REGISTER NUMBER .)


state 76

    (20) inst -> XOR REGISTER REGISTER .

    NOP             reduce using rule 20 (inst -> XOR REGISTER REGISTER .)
    EI              reduce using rule 20 (inst -> XOR REGISTER REGISTER .)
    DI              reduce using rule 20 (inst -> XOR REGISTER REGISTER .)
    SWI             reduce using rule 20 (inst -> XOR REGISTER REGISTER .)
    USR             reduce using rule 20 (inst -> XOR REGISTER REGISTER .)
    LD              reduce using rule 20 (inst -> XOR REGISTER REGISTER .)
    ST              reduce using rule 20 (inst -> XOR REGISTER REGISTER .)
    MOV             reduce using rule 20 (inst -> XOR REGISTER REGISTER .)
    LIL             reduce using rule 20 (inst -> XOR REGISTER REGISTER .)
    LIH             reduce using rule 20 (inst -> XOR REGISTER REGISTER .)
    ADD             reduce using rule 20 (inst -> XOR REGISTER REGISTER .)
    ADC             reduce using rule 20 (inst -> XOR REGISTER REGISTER .)
    SUB             reduce using rule 20 (inst -> XOR REGISTER REGISTER .)
    SBC             reduce using rule 20 (inst -> XOR REGISTER REGISTER .)
    AND             reduce using rule 20 (inst -> XOR REGISTER REGISTER .)
    OR              reduce using rule 20 (inst -> XOR REGISTER REGISTER .)
    XOR             reduce using rule 20 (inst -> XOR REGISTER REGISTER .)
    NOT             reduce using rule 20 (inst -> XOR REGISTER REGISTER .)
    SL              reduce using rule 20 (inst -> XOR REGISTER REGISTER .)
    SRL             reduce using rule 20 (inst -> XOR REGISTER REGISTER .)
    SRA             reduce using rule 20 (inst -> XOR REGISTER REGISTER .)
    RRA             reduce using rule 20 (inst -> XOR REGISTER REGISTER .)
    RR              reduce using rule 20 (inst -> XOR REGISTER REGISTER .)
    RL              reduce using rule 20 (inst -> XOR REGISTER REGISTER .)
    JMP             reduce using rule 20 (inst -> XOR REGISTER REGISTER .)
    JAL             reduce using rule 20 (inst -> XOR REGISTER REGISTER .)
    BR              reduce using rule 20 (inst -> XOR REGISTER REGISTER .)
    BC              reduce using rule 20 (inst -> XOR REGISTER REGISTER .)
    BO              reduce using rule 20 (inst -> XOR REGISTER REGISTER .)
    BN              reduce using rule 20 (inst -> XOR REGISTER REGISTER .)
    BZ              reduce using rule 20 (inst -> XOR REGISTER REGISTER .)
    $end            reduce using rule 20 (inst -> XOR REGISTER REGISTER .)


state 77

    (9) inst -> LD REGISTER REGISTER . NUMBER

    NUMBER          shift and go to state 86


state 78

    (26) inst -> RR REGISTER REGISTER .

    NOP             reduce using rule 26 (inst -> RR REGISTER REGISTER .)
    EI              reduce using rule 26 (inst -> RR REGISTER REGISTER .)
    DI              reduce using rule 26 (inst -> RR REGISTER REGISTER .)
    SWI             reduce using rule 26 (inst -> RR REGISTER REGISTER .)
    USR             reduce using rule 26 (inst -> RR REGISTER REGISTER .)
    LD              reduce using rule 26 (inst -> RR REGISTER REGISTER .)
    ST              reduce using rule 26 (inst -> RR REGISTER REGISTER .)
    MOV             reduce using rule 26 (inst -> RR REGISTER REGISTER .)
    LIL             reduce using rule 26 (inst -> RR REGISTER REGISTER .)
    LIH             reduce using rule 26 (inst -> RR REGISTER REGISTER .)
    ADD             reduce using rule 26 (inst -> RR REGISTER REGISTER .)
    ADC             reduce using rule 26 (inst -> RR REGISTER REGISTER .)
    SUB             reduce using rule 26 (inst -> RR REGISTER REGISTER .)
    SBC             reduce using rule 26 (inst -> RR REGISTER REGISTER .)
    AND             reduce using rule 26 (inst -> RR REGISTER REGISTER .)
    OR              reduce using rule 26 (inst -> RR REGISTER REGISTER .)
    XOR             reduce using rule 26 (inst -> RR REGISTER REGISTER .)
    NOT             reduce using rule 26 (inst -> RR REGISTER REGISTER .)
    SL              reduce using rule 26 (inst -> RR REGISTER REGISTER .)
    SRL             reduce using rule 26 (inst -> RR REGISTER REGISTER .)
    SRA             reduce using rule 26 (inst -> RR REGISTER REGISTER .)
    RRA             reduce using rule 26 (inst -> RR REGISTER REGISTER .)
    RR              reduce using rule 26 (inst -> RR REGISTER REGISTER .)
    RL              reduce using rule 26 (inst -> RR REGISTER REGISTER .)
    JMP             reduce using rule 26 (inst -> RR REGISTER REGISTER .)
    JAL             reduce using rule 26 (inst -> RR REGISTER REGISTER .)
    BR              reduce using rule 26 (inst -> RR REGISTER REGISTER .)
    BC              reduce using rule 26 (inst -> RR REGISTER REGISTER .)
    BO              reduce using rule 26 (inst -> RR REGISTER REGISTER .)
    BN              reduce using rule 26 (inst -> RR REGISTER REGISTER .)
    BZ              reduce using rule 26 (inst -> RR REGISTER REGISTER .)
    $end            reduce using rule 26 (inst -> RR REGISTER REGISTER .)


state 79

    (21) inst -> NOT REGISTER REGISTER .

    NOP             reduce using rule 21 (inst -> NOT REGISTER REGISTER .)
    EI              reduce using rule 21 (inst -> NOT REGISTER REGISTER .)
    DI              reduce using rule 21 (inst -> NOT REGISTER REGISTER .)
    SWI             reduce using rule 21 (inst -> NOT REGISTER REGISTER .)
    USR             reduce using rule 21 (inst -> NOT REGISTER REGISTER .)
    LD              reduce using rule 21 (inst -> NOT REGISTER REGISTER .)
    ST              reduce using rule 21 (inst -> NOT REGISTER REGISTER .)
    MOV             reduce using rule 21 (inst -> NOT REGISTER REGISTER .)
    LIL             reduce using rule 21 (inst -> NOT REGISTER REGISTER .)
    LIH             reduce using rule 21 (inst -> NOT REGISTER REGISTER .)
    ADD             reduce using rule 21 (inst -> NOT REGISTER REGISTER .)
    ADC             reduce using rule 21 (inst -> NOT REGISTER REGISTER .)
    SUB             reduce using rule 21 (inst -> NOT REGISTER REGISTER .)
    SBC             reduce using rule 21 (inst -> NOT REGISTER REGISTER .)
    AND             reduce using rule 21 (inst -> NOT REGISTER REGISTER .)
    OR              reduce using rule 21 (inst -> NOT REGISTER REGISTER .)
    XOR             reduce using rule 21 (inst -> NOT REGISTER REGISTER .)
    NOT             reduce using rule 21 (inst -> NOT REGISTER REGISTER .)
    SL              reduce using rule 21 (inst -> NOT REGISTER REGISTER .)
    SRL             reduce using rule 21 (inst -> NOT REGISTER REGISTER .)
    SRA             reduce using rule 21 (inst -> NOT REGISTER REGISTER .)
    RRA             reduce using rule 21 (inst -> NOT REGISTER REGISTER .)
    RR              reduce using rule 21 (inst -> NOT REGISTER REGISTER .)
    RL              reduce using rule 21 (inst -> NOT REGISTER REGISTER .)
    JMP             reduce using rule 21 (inst -> NOT REGISTER REGISTER .)
    JAL             reduce using rule 21 (inst -> NOT REGISTER REGISTER .)
    BR              reduce using rule 21 (inst -> NOT REGISTER REGISTER .)
    BC              reduce using rule 21 (inst -> NOT REGISTER REGISTER .)
    BO              reduce using rule 21 (inst -> NOT REGISTER REGISTER .)
    BN              reduce using rule 21 (inst -> NOT REGISTER REGISTER .)
    BZ              reduce using rule 21 (inst -> NOT REGISTER REGISTER .)
    $end            reduce using rule 21 (inst -> NOT REGISTER REGISTER .)


state 80

    (14) inst -> ADD REGISTER REGISTER .

    NOP             reduce using rule 14 (inst -> ADD REGISTER REGISTER .)
    EI              reduce using rule 14 (inst -> ADD REGISTER REGISTER .)
    DI              reduce using rule 14 (inst -> ADD REGISTER REGISTER .)
    SWI             reduce using rule 14 (inst -> ADD REGISTER REGISTER .)
    USR             reduce using rule 14 (inst -> ADD REGISTER REGISTER .)
    LD              reduce using rule 14 (inst -> ADD REGISTER REGISTER .)
    ST              reduce using rule 14 (inst -> ADD REGISTER REGISTER .)
    MOV             reduce using rule 14 (inst -> ADD REGISTER REGISTER .)
    LIL             reduce using rule 14 (inst -> ADD REGISTER REGISTER .)
    LIH             reduce using rule 14 (inst -> ADD REGISTER REGISTER .)
    ADD             reduce using rule 14 (inst -> ADD REGISTER REGISTER .)
    ADC             reduce using rule 14 (inst -> ADD REGISTER REGISTER .)
    SUB             reduce using rule 14 (inst -> ADD REGISTER REGISTER .)
    SBC             reduce using rule 14 (inst -> ADD REGISTER REGISTER .)
    AND             reduce using rule 14 (inst -> ADD REGISTER REGISTER .)
    OR              reduce using rule 14 (inst -> ADD REGISTER REGISTER .)
    XOR             reduce using rule 14 (inst -> ADD REGISTER REGISTER .)
    NOT             reduce using rule 14 (inst -> ADD REGISTER REGISTER .)
    SL              reduce using rule 14 (inst -> ADD REGISTER REGISTER .)
    SRL             reduce using rule 14 (inst -> ADD REGISTER REGISTER .)
    SRA             reduce using rule 14 (inst -> ADD REGISTER REGISTER .)
    RRA             reduce using rule 14 (inst -> ADD REGISTER REGISTER .)
    RR              reduce using rule 14 (inst -> ADD REGISTER REGISTER .)
    RL              reduce using rule 14 (inst -> ADD REGISTER REGISTER .)
    JMP             reduce using rule 14 (inst -> ADD REGISTER REGISTER .)
    JAL             reduce using rule 14 (inst -> ADD REGISTER REGISTER .)
    BR              reduce using rule 14 (inst -> ADD REGISTER REGISTER .)
    BC              reduce using rule 14 (inst -> ADD REGISTER REGISTER .)
    BO              reduce using rule 14 (inst -> ADD REGISTER REGISTER .)
    BN              reduce using rule 14 (inst -> ADD REGISTER REGISTER .)
    BZ              reduce using rule 14 (inst -> ADD REGISTER REGISTER .)
    $end            reduce using rule 14 (inst -> ADD REGISTER REGISTER .)


state 81

    (28) inst -> JMP REGISTER NUMBER .

    NOP             reduce using rule 28 (inst -> JMP REGISTER NUMBER .)
    EI              reduce using rule 28 (inst -> JMP REGISTER NUMBER .)
    DI              reduce using rule 28 (inst -> JMP REGISTER NUMBER .)
    SWI             reduce using rule 28 (inst -> JMP REGISTER NUMBER .)
    USR             reduce using rule 28 (inst -> JMP REGISTER NUMBER .)
    LD              reduce using rule 28 (inst -> JMP REGISTER NUMBER .)
    ST              reduce using rule 28 (inst -> JMP REGISTER NUMBER .)
    MOV             reduce using rule 28 (inst -> JMP REGISTER NUMBER .)
    LIL             reduce using rule 28 (inst -> JMP REGISTER NUMBER .)
    LIH             reduce using rule 28 (inst -> JMP REGISTER NUMBER .)
    ADD             reduce using rule 28 (inst -> JMP REGISTER NUMBER .)
    ADC             reduce using rule 28 (inst -> JMP REGISTER NUMBER .)
    SUB             reduce using rule 28 (inst -> JMP REGISTER NUMBER .)
    SBC             reduce using rule 28 (inst -> JMP REGISTER NUMBER .)
    AND             reduce using rule 28 (inst -> JMP REGISTER NUMBER .)
    OR              reduce using rule 28 (inst -> JMP REGISTER NUMBER .)
    XOR             reduce using rule 28 (inst -> JMP REGISTER NUMBER .)
    NOT             reduce using rule 28 (inst -> JMP REGISTER NUMBER .)
    SL              reduce using rule 28 (inst -> JMP REGISTER NUMBER .)
    SRL             reduce using rule 28 (inst -> JMP REGISTER NUMBER .)
    SRA             reduce using rule 28 (inst -> JMP REGISTER NUMBER .)
    RRA             reduce using rule 28 (inst -> JMP REGISTER NUMBER .)
    RR              reduce using rule 28 (inst -> JMP REGISTER NUMBER .)
    RL              reduce using rule 28 (inst -> JMP REGISTER NUMBER .)
    JMP             reduce using rule 28 (inst -> JMP REGISTER NUMBER .)
    JAL             reduce using rule 28 (inst -> JMP REGISTER NUMBER .)
    BR              reduce using rule 28 (inst -> JMP REGISTER NUMBER .)
    BC              reduce using rule 28 (inst -> JMP REGISTER NUMBER .)
    BO              reduce using rule 28 (inst -> JMP REGISTER NUMBER .)
    BN              reduce using rule 28 (inst -> JMP REGISTER NUMBER .)
    BZ              reduce using rule 28 (inst -> JMP REGISTER NUMBER .)
    $end            reduce using rule 28 (inst -> JMP REGISTER NUMBER .)


state 82

    (23) inst -> SRL REGISTER REGISTER .

    NOP             reduce using rule 23 (inst -> SRL REGISTER REGISTER .)
    EI              reduce using rule 23 (inst -> SRL REGISTER REGISTER .)
    DI              reduce using rule 23 (inst -> SRL REGISTER REGISTER .)
    SWI             reduce using rule 23 (inst -> SRL REGISTER REGISTER .)
    USR             reduce using rule 23 (inst -> SRL REGISTER REGISTER .)
    LD              reduce using rule 23 (inst -> SRL REGISTER REGISTER .)
    ST              reduce using rule 23 (inst -> SRL REGISTER REGISTER .)
    MOV             reduce using rule 23 (inst -> SRL REGISTER REGISTER .)
    LIL             reduce using rule 23 (inst -> SRL REGISTER REGISTER .)
    LIH             reduce using rule 23 (inst -> SRL REGISTER REGISTER .)
    ADD             reduce using rule 23 (inst -> SRL REGISTER REGISTER .)
    ADC             reduce using rule 23 (inst -> SRL REGISTER REGISTER .)
    SUB             reduce using rule 23 (inst -> SRL REGISTER REGISTER .)
    SBC             reduce using rule 23 (inst -> SRL REGISTER REGISTER .)
    AND             reduce using rule 23 (inst -> SRL REGISTER REGISTER .)
    OR              reduce using rule 23 (inst -> SRL REGISTER REGISTER .)
    XOR             reduce using rule 23 (inst -> SRL REGISTER REGISTER .)
    NOT             reduce using rule 23 (inst -> SRL REGISTER REGISTER .)
    SL              reduce using rule 23 (inst -> SRL REGISTER REGISTER .)
    SRL             reduce using rule 23 (inst -> SRL REGISTER REGISTER .)
    SRA             reduce using rule 23 (inst -> SRL REGISTER REGISTER .)
    RRA             reduce using rule 23 (inst -> SRL REGISTER REGISTER .)
    RR              reduce using rule 23 (inst -> SRL REGISTER REGISTER .)
    RL              reduce using rule 23 (inst -> SRL REGISTER REGISTER .)
    JMP             reduce using rule 23 (inst -> SRL REGISTER REGISTER .)
    JAL             reduce using rule 23 (inst -> SRL REGISTER REGISTER .)
    BR              reduce using rule 23 (inst -> SRL REGISTER REGISTER .)
    BC              reduce using rule 23 (inst -> SRL REGISTER REGISTER .)
    BO              reduce using rule 23 (inst -> SRL REGISTER REGISTER .)
    BN              reduce using rule 23 (inst -> SRL REGISTER REGISTER .)
    BZ              reduce using rule 23 (inst -> SRL REGISTER REGISTER .)
    $end            reduce using rule 23 (inst -> SRL REGISTER REGISTER .)


state 83

    (19) inst -> OR REGISTER REGISTER .

    NOP             reduce using rule 19 (inst -> OR REGISTER REGISTER .)
    EI              reduce using rule 19 (inst -> OR REGISTER REGISTER .)
    DI              reduce using rule 19 (inst -> OR REGISTER REGISTER .)
    SWI             reduce using rule 19 (inst -> OR REGISTER REGISTER .)
    USR             reduce using rule 19 (inst -> OR REGISTER REGISTER .)
    LD              reduce using rule 19 (inst -> OR REGISTER REGISTER .)
    ST              reduce using rule 19 (inst -> OR REGISTER REGISTER .)
    MOV             reduce using rule 19 (inst -> OR REGISTER REGISTER .)
    LIL             reduce using rule 19 (inst -> OR REGISTER REGISTER .)
    LIH             reduce using rule 19 (inst -> OR REGISTER REGISTER .)
    ADD             reduce using rule 19 (inst -> OR REGISTER REGISTER .)
    ADC             reduce using rule 19 (inst -> OR REGISTER REGISTER .)
    SUB             reduce using rule 19 (inst -> OR REGISTER REGISTER .)
    SBC             reduce using rule 19 (inst -> OR REGISTER REGISTER .)
    AND             reduce using rule 19 (inst -> OR REGISTER REGISTER .)
    OR              reduce using rule 19 (inst -> OR REGISTER REGISTER .)
    XOR             reduce using rule 19 (inst -> OR REGISTER REGISTER .)
    NOT             reduce using rule 19 (inst -> OR REGISTER REGISTER .)
    SL              reduce using rule 19 (inst -> OR REGISTER REGISTER .)
    SRL             reduce using rule 19 (inst -> OR REGISTER REGISTER .)
    SRA             reduce using rule 19 (inst -> OR REGISTER REGISTER .)
    RRA             reduce using rule 19 (inst -> OR REGISTER REGISTER .)
    RR              reduce using rule 19 (inst -> OR REGISTER REGISTER .)
    RL              reduce using rule 19 (inst -> OR REGISTER REGISTER .)
    JMP             reduce using rule 19 (inst -> OR REGISTER REGISTER .)
    JAL             reduce using rule 19 (inst -> OR REGISTER REGISTER .)
    BR              reduce using rule 19 (inst -> OR REGISTER REGISTER .)
    BC              reduce using rule 19 (inst -> OR REGISTER REGISTER .)
    BO              reduce using rule 19 (inst -> OR REGISTER REGISTER .)
    BN              reduce using rule 19 (inst -> OR REGISTER REGISTER .)
    BZ              reduce using rule 19 (inst -> OR REGISTER REGISTER .)
    $end            reduce using rule 19 (inst -> OR REGISTER REGISTER .)


state 84

    (2) instlist -> inst instlist .

    $end            reduce using rule 2 (instlist -> inst instlist .)


state 85

    (10) inst -> ST REGISTER REGISTER NUMBER .

    NOP             reduce using rule 10 (inst -> ST REGISTER REGISTER NUMBER .)
    EI              reduce using rule 10 (inst -> ST REGISTER REGISTER NUMBER .)
    DI              reduce using rule 10 (inst -> ST REGISTER REGISTER NUMBER .)
    SWI             reduce using rule 10 (inst -> ST REGISTER REGISTER NUMBER .)
    USR             reduce using rule 10 (inst -> ST REGISTER REGISTER NUMBER .)
    LD              reduce using rule 10 (inst -> ST REGISTER REGISTER NUMBER .)
    ST              reduce using rule 10 (inst -> ST REGISTER REGISTER NUMBER .)
    MOV             reduce using rule 10 (inst -> ST REGISTER REGISTER NUMBER .)
    LIL             reduce using rule 10 (inst -> ST REGISTER REGISTER NUMBER .)
    LIH             reduce using rule 10 (inst -> ST REGISTER REGISTER NUMBER .)
    ADD             reduce using rule 10 (inst -> ST REGISTER REGISTER NUMBER .)
    ADC             reduce using rule 10 (inst -> ST REGISTER REGISTER NUMBER .)
    SUB             reduce using rule 10 (inst -> ST REGISTER REGISTER NUMBER .)
    SBC             reduce using rule 10 (inst -> ST REGISTER REGISTER NUMBER .)
    AND             reduce using rule 10 (inst -> ST REGISTER REGISTER NUMBER .)
    OR              reduce using rule 10 (inst -> ST REGISTER REGISTER NUMBER .)
    XOR             reduce using rule 10 (inst -> ST REGISTER REGISTER NUMBER .)
    NOT             reduce using rule 10 (inst -> ST REGISTER REGISTER NUMBER .)
    SL              reduce using rule 10 (inst -> ST REGISTER REGISTER NUMBER .)
    SRL             reduce using rule 10 (inst -> ST REGISTER REGISTER NUMBER .)
    SRA             reduce using rule 10 (inst -> ST REGISTER REGISTER NUMBER .)
    RRA             reduce using rule 10 (inst -> ST REGISTER REGISTER NUMBER .)
    RR              reduce using rule 10 (inst -> ST REGISTER REGISTER NUMBER .)
    RL              reduce using rule 10 (inst -> ST REGISTER REGISTER NUMBER .)
    JMP             reduce using rule 10 (inst -> ST REGISTER REGISTER NUMBER .)
    JAL             reduce using rule 10 (inst -> ST REGISTER REGISTER NUMBER .)
    BR              reduce using rule 10 (inst -> ST REGISTER REGISTER NUMBER .)
    BC              reduce using rule 10 (inst -> ST REGISTER REGISTER NUMBER .)
    BO              reduce using rule 10 (inst -> ST REGISTER REGISTER NUMBER .)
    BN              reduce using rule 10 (inst -> ST REGISTER REGISTER NUMBER .)
    BZ              reduce using rule 10 (inst -> ST REGISTER REGISTER NUMBER .)
    $end            reduce using rule 10 (inst -> ST REGISTER REGISTER NUMBER .)


state 86

    (9) inst -> LD REGISTER REGISTER NUMBER .

    NOP             reduce using rule 9 (inst -> LD REGISTER REGISTER NUMBER .)
    EI              reduce using rule 9 (inst -> LD REGISTER REGISTER NUMBER .)
    DI              reduce using rule 9 (inst -> LD REGISTER REGISTER NUMBER .)
    SWI             reduce using rule 9 (inst -> LD REGISTER REGISTER NUMBER .)
    USR             reduce using rule 9 (inst -> LD REGISTER REGISTER NUMBER .)
    LD              reduce using rule 9 (inst -> LD REGISTER REGISTER NUMBER .)
    ST              reduce using rule 9 (inst -> LD REGISTER REGISTER NUMBER .)
    MOV             reduce using rule 9 (inst -> LD REGISTER REGISTER NUMBER .)
    LIL             reduce using rule 9 (inst -> LD REGISTER REGISTER NUMBER .)
    LIH             reduce using rule 9 (inst -> LD REGISTER REGISTER NUMBER .)
    ADD             reduce using rule 9 (inst -> LD REGISTER REGISTER NUMBER .)
    ADC             reduce using rule 9 (inst -> LD REGISTER REGISTER NUMBER .)
    SUB             reduce using rule 9 (inst -> LD REGISTER REGISTER NUMBER .)
    SBC             reduce using rule 9 (inst -> LD REGISTER REGISTER NUMBER .)
    AND             reduce using rule 9 (inst -> LD REGISTER REGISTER NUMBER .)
    OR              reduce using rule 9 (inst -> LD REGISTER REGISTER NUMBER .)
    XOR             reduce using rule 9 (inst -> LD REGISTER REGISTER NUMBER .)
    NOT             reduce using rule 9 (inst -> LD REGISTER REGISTER NUMBER .)
    SL              reduce using rule 9 (inst -> LD REGISTER REGISTER NUMBER .)
    SRL             reduce using rule 9 (inst -> LD REGISTER REGISTER NUMBER .)
    SRA             reduce using rule 9 (inst -> LD REGISTER REGISTER NUMBER .)
    RRA             reduce using rule 9 (inst -> LD REGISTER REGISTER NUMBER .)
    RR              reduce using rule 9 (inst -> LD REGISTER REGISTER NUMBER .)
    RL              reduce using rule 9 (inst -> LD REGISTER REGISTER NUMBER .)
    JMP             reduce using rule 9 (inst -> LD REGISTER REGISTER NUMBER .)
    JAL             reduce using rule 9 (inst -> LD REGISTER REGISTER NUMBER .)
    BR              reduce using rule 9 (inst -> LD REGISTER REGISTER NUMBER .)
    BC              reduce using rule 9 (inst -> LD REGISTER REGISTER NUMBER .)
    BO              reduce using rule 9 (inst -> LD REGISTER REGISTER NUMBER .)
    BN              reduce using rule 9 (inst -> LD REGISTER REGISTER NUMBER .)
    BZ              reduce using rule 9 (inst -> LD REGISTER REGISTER NUMBER .)
    $end            reduce using rule 9 (inst -> LD REGISTER REGISTER NUMBER .)

